

*******************************************************************************
Tue Jul  9 15:46:02 2013


FIT:    data read from "a.txt" u 1:4
        format = x:z
        #datapoints = 9
        residuals are weighted equally (unit weight)

function used for fitting: f(x)
fitted parameters initialized with current variable values



 Iteration 0
 WSSR        : 14.6055           delta(WSSR)/WSSR   : 0
 delta(WSSR) : 0                 limit for stopping : 1e-05
 lambda	  : 1.6457

initial set of free parameter values

a               = 1
b               = 1

After 4 iterations the fit converged.
final sum of squares of residuals : 0.000220556
rel. change during last iteration : -4.18419e-10

degrees of freedom    (FIT_NDF)                        : 7
rms of residuals      (FIT_STDFIT) = sqrt(WSSR/ndf)    : 0.00561319
variance of residuals (reduced chisquare) = WSSR/ndf   : 3.15079e-05

Final set of parameters            Asymptotic Standard Error
=======================            ==========================

a               = 0.512667         +/- 0.002899     (0.5654%)
b               = 0.740222         +/- 0.006092     (0.823%)


correlation matrix of the fit parameters:

               a      b      
a               1.000 
b              -0.952  1.000 


*******************************************************************************
Tue Jul  9 16:00:05 2013


FIT:    data read from "a.txt" u 1:3
        format = x:z
        #datapoints = 9
        residuals are weighted equally (unit weight)

function used for fitting: f(x)
fitted parameters initialized with current variable values



 Iteration 0
 WSSR        : 26.4483           delta(WSSR)/WSSR   : 0
 delta(WSSR) : 0                 limit for stopping : 1e-05
 lambda	  : 1.6457

initial set of free parameter values

a               = 1
b               = 1

After 4 iterations the fit converged.
final sum of squares of residuals : 0.00200722
rel. change during last iteration : -1.85256e-08

degrees of freedom    (FIT_NDF)                        : 7
rms of residuals      (FIT_STDFIT) = sqrt(WSSR/ndf)    : 0.0169336
variance of residuals (reduced chisquare) = WSSR/ndf   : 0.000286746

Final set of parameters            Asymptotic Standard Error
=======================            ==========================

a               = 0.598            +/- 0.008744     (1.462%)
b               = 0.109556         +/- 0.01838      (16.77%)


correlation matrix of the fit parameters:

               a      b      
a               1.000 
b              -0.952  1.000 
